<?xml version="1.0" encoding="UTF-8"?>
<!-- Generated by org.testng.reporters.JUnitReportReporter -->
<testsuite hostname="LTIN192086" failures="0" tests="3" name="TestCase.TC03_UsedCars" time="52.277" errors="0" timestamp="2024-02-12T12:53:46 IST" skipped="0">
  <testcase classname="TestCase.TC03_UsedCars" name="hoverOnUsedCars" time="2.704"/>
  <testcase classname="TestCase.TC03_UsedCars" name="location" time="41.986"/>
  <testcase classname="TestCase.TC03_UsedCars" name="brandAvailable" time="7.587"/>
</testsuite> <!-- TestCase.TC03_UsedCars -->
