<?xml version="1.0" encoding="UTF-8"?>
<!-- Generated by org.testng.reporters.JUnitReportReporter -->
<testsuite hostname="LTIN226787" failures="0" tests="3" name="TestCase.TC03_UsedCars" time="13.883" errors="0" timestamp="2024-02-08T12:21:45 IST" skipped="0">
  <testcase classname="TestCase.TC03_UsedCars" name="hoverOnUsedCars" time="2.607"/>
  <system-out/>
  <testcase classname="TestCase.TC03_UsedCars" name="location" time="5.462"/>
  <system-out/>
  <testcase classname="TestCase.TC03_UsedCars" name="brandAvailable" time="5.814"/>
  <system-out/>
</testsuite> <!-- TestCase.TC03_UsedCars -->
