<?xml version="1.0" encoding="UTF-8"?>
<!-- Generated by org.testng.reporters.JUnitReportReporter -->
<testsuite hostname="LTIN226787" failures="0" tests="2" name="TestCase.TC02_UpcomingBikes" time="37.438" errors="0" timestamp="2024-02-08T12:21:45 IST" skipped="0">
  <testcase classname="TestCase.TC02_UpcomingBikes" name="ManufacturerDrpDown" time="3.885"/>
  <system-out/>
  <testcase classname="TestCase.TC02_UpcomingBikes" name="bikeDetails" time="33.553"/>
  <system-out/>
</testsuite> <!-- TestCase.TC02_UpcomingBikes -->
