<?xml version="1.0" encoding="UTF-8"?>
<!-- Generated by org.testng.reporters.JUnitReportReporter -->
<testsuite hostname="LTIN226787" failures="0" tests="2" name="TestCase.TC04_LoginPage" time="6.341" errors="0" timestamp="2024-02-08T12:21:45 IST" skipped="0">
  <testcase classname="TestCase.TC04_LoginPage" name="LoginPageInHome" time="4.163"/>
  <system-out/>
  <testcase classname="TestCase.TC04_LoginPage" name="errorMessage" time="2.178"/>
  <system-out/>
</testsuite> <!-- TestCase.TC04_LoginPage -->
