<?xml version="1.0" encoding="UTF-8"?>
<!-- Generated by org.testng.reporters.JUnitReportReporter -->
<testsuite hostname="LTIN226787" failures="0" tests="1" name="TestCase.TC01_HomePage" time="17.195" errors="0" timestamp="2024-02-08T12:21:45 IST" skipped="0">
  <testcase classname="TestCase.TC01_HomePage" name="homepage" time="17.195"/>
  <system-out/>
</testsuite> <!-- TestCase.TC01_HomePage -->
