<?xml version="1.0" encoding="UTF-8"?>
<!-- Generated by org.testng.reporters.JUnitReportReporter -->
<testsuite hostname="LTIN192086" failures="0" tests="2" name="TestCase.TC02_UpcomingBikes" time="42.117" errors="0" timestamp="2024-02-12T12:53:46 IST" skipped="0">
  <testcase classname="TestCase.TC02_UpcomingBikes" name="ManufacturerDrpDown" time="6.071"/>
  <testcase classname="TestCase.TC02_UpcomingBikes" name="bikeDetails" time="36.046"/>
</testsuite> <!-- TestCase.TC02_UpcomingBikes -->
