<?xml version="1.0" encoding="UTF-8"?>
<!-- Generated by org.testng.reporters.JUnitReportReporter -->
<testsuite hostname="LTIN192086" failures="0" tests="3" name="TestCase.TC03_UsedCars" time="24.548" errors="0" timestamp="2024-02-12T12:24:51 IST" skipped="0">
  <testcase classname="TestCase.TC03_UsedCars" name="hoverOnUsedCars" time="3.047"/>
  <testcase classname="TestCase.TC03_UsedCars" name="location" time="10.507"/>
  <testcase classname="TestCase.TC03_UsedCars" name="brandAvailable" time="10.994"/>
</testsuite> <!-- TestCase.TC03_UsedCars -->
