<?xml version="1.0" encoding="UTF-8"?>
<!-- Generated by org.testng.reporters.JUnitReportReporter -->
<testsuite hostname="LTIN192086" failures="0" tests="2" name="TestCase.TC02_UpcomingBikes" time="87.833" errors="0" timestamp="2024-02-12T12:24:51 IST" skipped="0">
  <testcase classname="TestCase.TC02_UpcomingBikes" name="ManufacturerDrpDown" time="3.288"/>
  <testcase classname="TestCase.TC02_UpcomingBikes" name="bikeDetails" time="84.545"/>
</testsuite> <!-- TestCase.TC02_UpcomingBikes -->
