<?xml version="1.0" encoding="UTF-8"?>
<!-- Generated by org.testng.reporters.JUnitReportReporter -->
<testsuite hostname="LTIN192086" failures="0" tests="3" name="TestCase.TC03_UsedCars" time="15.705" errors="0" timestamp="2024-02-12T11:13:59 IST" skipped="0">
  <testcase classname="TestCase.TC03_UsedCars" name="hoverOnUsedCars" time="2.830"/>
  <testcase classname="TestCase.TC03_UsedCars" name="location" time="6.308"/>
  <testcase classname="TestCase.TC03_UsedCars" name="brandAvailable" time="6.567"/>
</testsuite> <!-- TestCase.TC03_UsedCars -->
