<?xml version="1.0" encoding="UTF-8"?>
<!-- Generated by org.testng.reporters.JUnitReportReporter -->
<testsuite hostname="LTIN192086" failures="0" tests="2" name="TestCase.TC04_LoginPage" time="8.440" errors="0" timestamp="2024-02-12T15:33:38 IST" skipped="0">
  <testcase classname="TestCase.TC04_LoginPage" name="LoginPageInHome" time="5.312"/>
  <testcase classname="TestCase.TC04_LoginPage" name="errorMessage" time="3.128"/>
</testsuite> <!-- TestCase.TC04_LoginPage -->
