<?xml version="1.0" encoding="UTF-8"?>
<!-- Generated by org.testng.reporters.JUnitReportReporter -->
<testsuite hostname="LTIN192086" failures="0" tests="2" name="TestCase.TC04_LoginPage" time="9.329" errors="0" timestamp="2024-02-12T12:24:51 IST" skipped="0">
  <testcase classname="TestCase.TC04_LoginPage" name="LoginPageInHome" time="6.762"/>
  <testcase classname="TestCase.TC04_LoginPage" name="errorMessage" time="2.567"/>
</testsuite> <!-- TestCase.TC04_LoginPage -->
