<?xml version="1.0" encoding="UTF-8"?>
<!-- Generated by org.testng.reporters.JUnitReportReporter -->
<testsuite hostname="LTIN192086" failures="0" tests="2" name="TestCase.TC02_UpcomingBikes" time="67.056" errors="0" timestamp="2024-02-14T09:54:33 IST" skipped="0">
  <testcase classname="TestCase.TC02_UpcomingBikes" name="ManufacturerDrpDown" time="33.763"/>
  <testcase classname="TestCase.TC02_UpcomingBikes" name="bikeDetails" time="33.293"/>
</testsuite> <!-- TestCase.TC02_UpcomingBikes -->
