<?xml version="1.0" encoding="UTF-8"?>
<!-- Generated by org.testng.reporters.JUnitReportReporter -->
<testsuite hostname="LTIN192086" failures="0" tests="1" name="TestCase.TC01_HomePage" time="13.838" errors="0" timestamp="2024-02-12T12:24:51 IST" skipped="0">
  <testcase classname="TestCase.TC01_HomePage" name="homepage" time="13.838"/>
</testsuite> <!-- TestCase.TC01_HomePage -->
