<?xml version="1.0" encoding="UTF-8"?>
<!-- Generated by org.testng.reporters.JUnitReportReporter -->
<testsuite hostname="LTIN192086" failures="0" tests="2" name="TestCase.TC04_LoginPage" time="7.047" errors="0" timestamp="2024-02-14T09:54:33 IST" skipped="0">
  <testcase classname="TestCase.TC04_LoginPage" name="LoginPageInHome" time="5.105"/>
  <testcase classname="TestCase.TC04_LoginPage" name="errorMessage" time="1.942"/>
</testsuite> <!-- TestCase.TC04_LoginPage -->
