<?xml version="1.0" encoding="UTF-8"?>
<!-- Generated by org.testng.reporters.JUnitReportReporter -->
<testsuite hostname="LTIN192086" failures="0" tests="3" name="TestCase.TC03_UsedCars" time="41.629" errors="0" timestamp="2024-02-14T09:54:33 IST" skipped="0">
  <testcase classname="TestCase.TC03_UsedCars" name="hoverOnUsedCars" time="2.502"/>
  <testcase classname="TestCase.TC03_UsedCars" name="location" time="32.874"/>
  <testcase classname="TestCase.TC03_UsedCars" name="brandAvailable" time="6.253"/>
</testsuite> <!-- TestCase.TC03_UsedCars -->
