<?xml version="1.0" encoding="UTF-8"?>
<!-- Generated by org.testng.reporters.JUnitReportReporter -->
<testsuite hostname="LTIN192086" failures="0" tests="1" name="TestCase.TC01_HomePage" time="37.935" errors="0" timestamp="2024-02-14T09:54:33 IST" skipped="0">
  <testcase classname="TestCase.TC01_HomePage" name="homepage" time="37.935"/>
</testsuite> <!-- TestCase.TC01_HomePage -->
